<?xml version="1.0" encoding="utf-8" standalone="no"?>
<test-results xmlns:xsi="http://www.w3.org/2001/XMLSchema-instance" xsi:noNamespaceSchemaLocation="nunit_schema_2.5.xsd" name="Pester" total="89" errors="0" failures="22" not-run="0" inconclusive="0" ignored="0" skipped="2" invalid="0" date="2026-02-21" time="03:41:28">
  <environment cwd="C:\Users\Administrator\Desktop\repo\COM5411-BarmBuzz" user="Administrator" nunit-version="2.5.8.0" os-version="10.0.26100" machine-name="SERVER25-DC-01" clr-version="9.0.10" user-domain="SERVER25-DC-01" platform="Microsoft Windows Server 2025 Datacenter|C:\WINDOWS|\Device\Harddisk0\Partition4" />
  <culture-info current-culture="en-US" current-uiculture="en-US" />
  <test-suite type="TestFixture" name="Pester" executed="True" result="Failure" success="False" time="27.5687" asserts="0" description="Pester">
    <results>
      <test-suite type="TestFixture" name="C:\Users\Administrator\Desktop\repo\COM5411-BarmBuzz\Tests\Pester\ADDS_Promotion.Tests.ps1" executed="True" result="Failure" success="False" time="20.8172" asserts="0" description="C:\Users\Administrator\Desktop\repo\COM5411-BarmBuzz\Tests\Pester\ADDS_Promotion.Tests.ps1">
        <results>
          <test-suite type="TestFixture" name="Active Directory Domain Services (AD DS) Promotion" executed="True" result="Failure" success="False" time="16.5219" asserts="0" description="Active Directory Domain Services (AD DS) Promotion">
            <results>
              <test-suite type="TestFixture" name="Active Directory Domain Services (AD DS) Promotion.Prerequisites and Installation" executed="True" result="Success" success="True" time="0.5448" asserts="0" description="Active Directory Domain Services (AD DS) Promotion.Prerequisites and Installation">
                <results>
                  <test-case description="Computer has expected name" name="Active Directory Domain Services (AD DS) Promotion.Prerequisites and Installation.Computer has expected name" time="0.2673" asserts="0" success="True" result="Success" executed="True" />
                  <test-case description="AD Domain Services feature is installed" name="Active Directory Domain Services (AD DS) Promotion.Prerequisites and Installation.AD Domain Services feature is installed" time="0.0285" asserts="0" success="True" result="Success" executed="True" />
                  <test-case description="RSAT AD Tools feature is installed" name="Active Directory Domain Services (AD DS) Promotion.Prerequisites and Installation.RSAT AD Tools feature is installed" time="0.027" asserts="0" success="True" result="Success" executed="True" />
                  <test-case description="Internal network adapter is configured with static IP" name="Active Directory Domain Services (AD DS) Promotion.Prerequisites and Installation.Internal network adapter is configured with static IP" time="0.0814" asserts="0" success="True" result="Success" executed="True" />
                  <test-case description="DNS points to localhost (127.0.0.1)" name="Active Directory Domain Services (AD DS) Promotion.Prerequisites and Installation.DNS points to localhost (127.0.0.1)" time="0.0397" asserts="0" success="True" result="Success" executed="True" />
                </results>
              </test-suite>
              <test-suite type="TestFixture" name="Active Directory Domain Services (AD DS) Promotion.Domain Controller Services" executed="True" result="Failure" success="False" time="0.751" asserts="0" description="Active Directory Domain Services (AD DS) Promotion.Domain Controller Services">
                <results>
                  <test-case description="Active Directory Domain Services is running" name="Active Directory Domain Services (AD DS) Promotion.Domain Controller Services.Active Directory Domain Services is running" time="0.0823" asserts="0" success="False" result="Failure" executed="True">
                    <failure>
                      <message>Expected 'Running', because Active Directory Domain Services (NTDS) must be running.
Current status: Stopped
HINT: If promotion failed, check Event Logs:
Get-WinEvent -LogName 'Directory Services' | Select-Object -First 20, but got Stopped.</message>
                      <stack-trace>at $ntdsService.Status | Should -Be 'Running' -Because @", C:\Users\Administrator\Desktop\repo\COM5411-BarmBuzz\Tests\Pester\ADDS_Promotion.Tests.ps1:188
at &lt;ScriptBlock&gt;, C:\Users\Administrator\Desktop\repo\COM5411-BarmBuzz\Tests\Pester\ADDS_Promotion.Tests.ps1:191</stack-trace>
                    </failure>
                  </test-case>
                  <test-case description="DNS Server service is running" name="Active Directory Domain Services (AD DS) Promotion.Domain Controller Services.DNS Server service is running" time="0.0237" asserts="0" success="True" result="Success" executed="True" />
                  <test-case description="Netlogon service is running" name="Active Directory Domain Services (AD DS) Promotion.Domain Controller Services.Netlogon service is running" time="0.0232" asserts="0" success="False" result="Failure" executed="True">
                    <failure>
                      <message>Expected 'Running', because Netlogon service must be running for domain authentication.
Current status: Stopped, but got Stopped.</message>
                      <stack-trace>at $netlogonService.Status | Should -Be 'Running' -Because @", C:\Users\Administrator\Desktop\repo\COM5411-BarmBuzz\Tests\Pester\ADDS_Promotion.Tests.ps1:213
at &lt;ScriptBlock&gt;, C:\Users\Administrator\Desktop\repo\COM5411-BarmBuzz\Tests\Pester\ADDS_Promotion.Tests.ps1:216</stack-trace>
                    </failure>
                  </test-case>
                  <test-case description="Kerberos Key Distribution Center is running" name="Active Directory Domain Services (AD DS) Promotion.Domain Controller Services.Kerberos Key Distribution Center is running" time="0.028" asserts="0" success="False" result="Failure" executed="True">
                    <failure>
                      <message>Expected 'Running', because Kerberos Key Distribution Center must be running for authentication.
Current status: Stopped, but got Stopped.</message>
                      <stack-trace>at $kdcService.Status | Should -Be 'Running' -Because @", C:\Users\Administrator\Desktop\repo\COM5411-BarmBuzz\Tests\Pester\ADDS_Promotion.Tests.ps1:223
at &lt;ScriptBlock&gt;, C:\Users\Administrator\Desktop\repo\COM5411-BarmBuzz\Tests\Pester\ADDS_Promotion.Tests.ps1:226</stack-trace>
                    </failure>
                  </test-case>
                  <test-case description="File Replication Service or DFS Replication is running" name="Active Directory Domain Services (AD DS) Promotion.Domain Controller Services.File Replication Service or DFS Replication is running" time="0.0454" asserts="0" success="True" result="Success" executed="True" />
                </results>
              </test-suite>
              <test-suite type="TestFixture" name="Active Directory Domain Services (AD DS) Promotion.Domain and Forest Configuration" executed="True" result="Failure" success="False" time="6.1166" asserts="0" description="Active Directory Domain Services (AD DS) Promotion.Domain and Forest Configuration">
                <results>
                  <test-case description="Computer is part of the expected domain" name="Active Directory Domain Services (AD DS) Promotion.Domain and Forest Configuration.Computer is part of the expected domain" time="1.1953" asserts="0" success="False" result="Failure" executed="True">
                    <failure>
                      <message>Expected strings to be the same, because Computer should be joined to domain: bolton.corp
Current domain: WORKGROUP
HINT: This indicates DC promotion may not have completed successfully, but they were different.
Expected length: 11
Actual length:   9
Strings differ at index 0.
Expected: 'bolton.corp'
But was:  'WORKGROUP'
           ^</message>
                      <stack-trace>at $currentDomain | Should -Be $script:ExpectedDomain -Because @", C:\Users\Administrator\Desktop\repo\COM5411-BarmBuzz\Tests\Pester\ADDS_Promotion.Tests.ps1:265
at &lt;ScriptBlock&gt;, C:\Users\Administrator\Desktop\repo\COM5411-BarmBuzz\Tests\Pester\ADDS_Promotion.Tests.ps1:265</stack-trace>
                    </failure>
                  </test-case>
                  <test-case description="Domain exists and is accessible" name="Active Directory Domain Services (AD DS) Promotion.Domain and Forest Configuration.Domain exists and is accessible" time="4.0027" asserts="0" success="False" result="Failure" executed="True">
                    <failure>
                      <message>Expected no exception to be thrown, because Unable to query domain 'bolton.corp' using AD module.
This could indicate:
- DC promotion failed
- AD services aren't running
- Network/DNS issues, but an exception "Unable to find a default server with Active Directory Web Services running." was thrown from C:\Users\Administrator\Desktop\repo\COM5411-BarmBuzz\Tests\Pester\ADDS_Promotion.Tests.ps1:274 char:15
    + …           { Get-ADDomain -Identity $script:ExpectedDomain -ErrorActio …
    +               ~~~~~~~~~~~~~~~~~~~~~~~~~~~~~~~~~~~~~~~~~~~~~~~~~~~~~~~~~.</message>
                      <stack-trace>at { Get-ADDomain -Identity $script:ExpectedDomain -ErrorAction Stop } | Should -Not -Throw -Because @", C:\Users\Administrator\Desktop\repo\COM5411-BarmBuzz\Tests\Pester\ADDS_Promotion.Tests.ps1:274
at &lt;ScriptBlock&gt;, C:\Users\Administrator\Desktop\repo\COM5411-BarmBuzz\Tests\Pester\ADDS_Promotion.Tests.ps1:274</stack-trace>
                    </failure>
                  </test-case>
                  <test-case description="Forest exists and has correct name" name="Active Directory Domain Services (AD DS) Promotion.Domain and Forest Configuration.Forest exists and has correct name" time="0.0435" asserts="0" success="False" result="Failure" executed="True">
                    <failure>
                      <message>ADIdentityNotFoundException: Could not find a forest identified by: 'SERVER25-DC-01'.</message>
                      <stack-trace>at &lt;ScriptBlock&gt;, C:\Users\Administrator\Desktop\repo\COM5411-BarmBuzz\Tests\Pester\ADDS_Promotion.Tests.ps1:285</stack-trace>
                    </failure>
                  </test-case>
                  <test-case description="Domain has correct NetBIOS name" name="Active Directory Domain Services (AD DS) Promotion.Domain and Forest Configuration.Domain has correct NetBIOS name" time="0.0324" asserts="0" success="False" result="Failure" executed="True">
                    <failure>
                      <message>ADException: Unable to find a default server with flags: 'MinimumDirectoryServiceVersion:Windows2000 | ADWS | ReturnDnsName'.
ADServerDownException: Unable to find a default server with Active Directory Web Services running.</message>
                      <stack-trace>at &lt;ScriptBlock&gt;, C:\Users\Administrator\Desktop\repo\COM5411-BarmBuzz\Tests\Pester\ADDS_Promotion.Tests.ps1:294</stack-trace>
                    </failure>
                  </test-case>
                  <test-case description="Forest functional level is modern (2016+)" name="Active Directory Domain Services (AD DS) Promotion.Domain and Forest Configuration.Forest functional level is modern (2016+)" time="0.0323" asserts="0" success="False" result="Failure" executed="True">
                    <failure>
                      <message>ADIdentityNotFoundException: Could not find a forest identified by: 'SERVER25-DC-01'.</message>
                      <stack-trace>at &lt;ScriptBlock&gt;, C:\Users\Administrator\Desktop\repo\COM5411-BarmBuzz\Tests\Pester\ADDS_Promotion.Tests.ps1:302</stack-trace>
                    </failure>
                  </test-case>
                  <test-case description="Domain functional level is modern (2016+)" name="Active Directory Domain Services (AD DS) Promotion.Domain and Forest Configuration.Domain functional level is modern (2016+)" time="0.0312" asserts="0" success="False" result="Failure" executed="True">
                    <failure>
                      <message>ADException: Unable to find a default server with flags: 'MinimumDirectoryServiceVersion:Windows2000 | ADWS | ReturnDnsName'.
ADServerDownException: Unable to find a default server with Active Directory Web Services running.</message>
                      <stack-trace>at &lt;ScriptBlock&gt;, C:\Users\Administrator\Desktop\repo\COM5411-BarmBuzz\Tests\Pester\ADDS_Promotion.Tests.ps1:317</stack-trace>
                    </failure>
                  </test-case>
                  <test-case description="This computer is a domain controller" name="Active Directory Domain Services (AD DS) Promotion.Domain and Forest Configuration.This computer is a domain controller" time="0.0252" asserts="0" success="False" result="Failure" executed="True">
                    <failure>
                      <message>ADException: Unable to find a default server with flags: 'MinimumDirectoryServiceVersion:Windows2000 | ADWS | ReturnDnsName'.
ADServerDownException: Unable to find a default server with Active Directory Web Services running.</message>
                      <stack-trace>at &lt;ScriptBlock&gt;, C:\Users\Administrator\Desktop\repo\COM5411-BarmBuzz\Tests\Pester\ADDS_Promotion.Tests.ps1:332</stack-trace>
                    </failure>
                  </test-case>
                </results>
              </test-suite>
              <test-suite type="TestFixture" name="Active Directory Domain Services (AD DS) Promotion.DNS Functionality" executed="True" result="Failure" success="False" time="7.8571" asserts="0" description="Active Directory Domain Services (AD DS) Promotion.DNS Functionality">
                <results>
                  <test-case description="DNS zones are created for the domain" name="Active Directory Domain Services (AD DS) Promotion.DNS Functionality.DNS zones are created for the domain" time="0.2289" asserts="0" success="False" result="Failure" executed="True">
                    <failure>
                      <message>Expected a value, because Forward DNS zone for 'bolton.corp' should exist.
HINT: DNS zones are created automatically during DC promotion, but got $null or empty.</message>
                      <stack-trace>at $forwardZone | Should -Not -BeNullOrEmpty -Because @", C:\Users\Administrator\Desktop\repo\COM5411-BarmBuzz\Tests\Pester\ADDS_Promotion.Tests.ps1:348
at &lt;ScriptBlock&gt;, C:\Users\Administrator\Desktop\repo\COM5411-BarmBuzz\Tests\Pester\ADDS_Promotion.Tests.ps1:348</stack-trace>
                    </failure>
                  </test-case>
                  <test-case description="Reverse DNS zone exists for internal subnet or PTR resolution works" name="Active Directory Domain Services (AD DS) Promotion.DNS Functionality.Reverse DNS zone exists for internal subnet or PTR resolution works" time="1.3318" asserts="0" success="True" result="Success" executed="True" />
                  <test-case description="Domain controller has DNS A record" name="Active Directory Domain Services (AD DS) Promotion.DNS Functionality.Domain controller has DNS A record" time="0.0766" asserts="0" success="False" result="Failure" executed="True">
                    <failure>
                      <message>CimException: The zone bolton.corp was not found on server SERVER25-DC-01.</message>
                      <stack-trace>at Get-DnsServerResourceRecord&lt;End&gt;, &lt;No file&gt;:4077
at &lt;ScriptBlock&gt;, C:\Users\Administrator\Desktop\repo\COM5411-BarmBuzz\Tests\Pester\ADDS_Promotion.Tests.ps1:390</stack-trace>
                    </failure>
                  </test-case>
                  <test-case description="Domain has NS record pointing to this DC" name="Active Directory Domain Services (AD DS) Promotion.DNS Functionality.Domain has NS record pointing to this DC" time="0.0341" asserts="0" success="False" result="Failure" executed="True">
                    <failure>
                      <message>CimException: The zone bolton.corp was not found on server SERVER25-DC-01.</message>
                      <stack-trace>at Get-DnsServerResourceRecord&lt;End&gt;, &lt;No file&gt;:4077
at &lt;ScriptBlock&gt;, C:\Users\Administrator\Desktop\repo\COM5411-BarmBuzz\Tests\Pester\ADDS_Promotion.Tests.ps1:398</stack-trace>
                    </failure>
                  </test-case>
                  <test-case description="Can resolve domain name to IP" name="Active Directory Domain Services (AD DS) Promotion.DNS Functionality.Can resolve domain name to IP" time="0.0661" asserts="0" success="False" result="Failure" executed="True">
                    <failure>
                      <message>Expected a value, because Domain name should resolve to IP address, but got $null or empty.</message>
                      <stack-trace>at $resolution | Should -Not -BeNullOrEmpty -Because "Domain name should resolve to IP address", C:\Users\Administrator\Desktop\repo\COM5411-BarmBuzz\Tests\Pester\ADDS_Promotion.Tests.ps1:409
at &lt;ScriptBlock&gt;, C:\Users\Administrator\Desktop\repo\COM5411-BarmBuzz\Tests\Pester\ADDS_Promotion.Tests.ps1:409</stack-trace>
                    </failure>
                  </test-case>
                </results>
              </test-suite>
              <test-suite type="TestFixture" name="Active Directory Domain Services (AD DS) Promotion.Administrative Functionality" executed="True" result="Failure" success="False" time="8.2363" asserts="0" description="Active Directory Domain Services (AD DS) Promotion.Administrative Functionality">
                <results>
                  <test-case description="Can query domain users" name="Active Directory Domain Services (AD DS) Promotion.Administrative Functionality.Can query domain users" time="0.0562" asserts="0" success="False" result="Failure" executed="True">
                    <failure>
                      <message>Expected no exception to be thrown, because Should be able to query Active Directory users.
This tests basic AD PowerShell functionality and permissions., but an exception "Unable to find a default server with Active Directory Web Services running." was thrown from C:\Users\Administrator\Desktop\repo\COM5411-BarmBuzz\Tests\Pester\ADDS_Promotion.Tests.ps1:421 char:15
    +             { Get-ADUser -Filter * -ErrorAction Stop } | Should -Not  …
    +               ~~~~~~~~~~~~~~~~~~~~~~~~~~~~~~~~~~~~~~.</message>
                      <stack-trace>at { Get-ADUser -Filter * -ErrorAction Stop } | Should -Not -Throw -Because @", C:\Users\Administrator\Desktop\repo\COM5411-BarmBuzz\Tests\Pester\ADDS_Promotion.Tests.ps1:421
at &lt;ScriptBlock&gt;, C:\Users\Administrator\Desktop\repo\COM5411-BarmBuzz\Tests\Pester\ADDS_Promotion.Tests.ps1:421</stack-trace>
                    </failure>
                  </test-case>
                  <test-case description="Built-in Administrator account exists" name="Active Directory Domain Services (AD DS) Promotion.Administrative Functionality.Built-in Administrator account exists" time="0.0253" asserts="0" success="False" result="Failure" executed="True">
                    <failure>
                      <message>ADException: Unable to find a default server with flags: 'MinimumDirectoryServiceVersion:Windows2000 | ADWS | ReturnDnsName'.
ADServerDownException: Unable to find a default server with Active Directory Web Services running.</message>
                      <stack-trace>at &lt;ScriptBlock&gt;, C:\Users\Administrator\Desktop\repo\COM5411-BarmBuzz\Tests\Pester\ADDS_Promotion.Tests.ps1:429</stack-trace>
                    </failure>
                  </test-case>
                  <test-case description="Domain Admins group exists" name="Active Directory Domain Services (AD DS) Promotion.Administrative Functionality.Domain Admins group exists" time="0.0242" asserts="0" success="False" result="Failure" executed="True">
                    <failure>
                      <message>ADException: Unable to find a default server with flags: 'MinimumDirectoryServiceVersion:Windows2000 | ADWS | ReturnDnsName'.
ADServerDownException: Unable to find a default server with Active Directory Web Services running.</message>
                      <stack-trace>at &lt;ScriptBlock&gt;, C:\Users\Administrator\Desktop\repo\COM5411-BarmBuzz\Tests\Pester\ADDS_Promotion.Tests.ps1:435</stack-trace>
                    </failure>
                  </test-case>
                  <test-case description="Default domain containers exist" name="Active Directory Domain Services (AD DS) Promotion.Administrative Functionality.Default domain containers exist" time="0.0401" asserts="0" success="False" result="Failure" executed="True">
                    <failure>
                      <message>ADException: Unable to find a default server with flags: 'MinimumDirectoryServiceVersion:Windows2000 | ADWS | ReturnDnsName'.
ADServerDownException: Unable to find a default server with Active Directory Web Services running.</message>
                      <stack-trace>at &lt;ScriptBlock&gt;, C:\Users\Administrator\Desktop\repo\COM5411-BarmBuzz\Tests\Pester\ADDS_Promotion.Tests.ps1:462</stack-trace>
                    </failure>
                  </test-case>
                  <test-case description="SYSVOL share is accessible" name="Active Directory Domain Services (AD DS) Promotion.Administrative Functionality.SYSVOL share is accessible" time="0.1714" asserts="0" success="False" result="Failure" executed="True">
                    <failure>
                      <message>Expected $true, because SYSVOL share should be accessible at: \\SERVER25-DC-01\SYSVOL
This is required for Group Policy and domain replication., but got $false.</message>
                      <stack-trace>at Test-Path $sysvolPath | Should -BeTrue -Because @", C:\Users\Administrator\Desktop\repo\COM5411-BarmBuzz\Tests\Pester\ADDS_Promotion.Tests.ps1:470
at &lt;ScriptBlock&gt;, C:\Users\Administrator\Desktop\repo\COM5411-BarmBuzz\Tests\Pester\ADDS_Promotion.Tests.ps1:470</stack-trace>
                    </failure>
                  </test-case>
                  <test-case description="NETLOGON share is accessible" name="Active Directory Domain Services (AD DS) Promotion.Administrative Functionality.NETLOGON share is accessible" time="0.0581" asserts="0" success="False" result="Failure" executed="True">
                    <failure>
                      <message>Expected $true, because NETLOGON share should be accessible at: \\SERVER25-DC-01\NETLOGON
This is required for domain logon scripts and authentication., but got $false.</message>
                      <stack-trace>at Test-Path $netlogonPath | Should -BeTrue -Because @", C:\Users\Administrator\Desktop\repo\COM5411-BarmBuzz\Tests\Pester\ADDS_Promotion.Tests.ps1:479
at &lt;ScriptBlock&gt;, C:\Users\Administrator\Desktop\repo\COM5411-BarmBuzz\Tests\Pester\ADDS_Promotion.Tests.ps1:479</stack-trace>
                    </failure>
                  </test-case>
                </results>
              </test-suite>
              <test-suite type="TestFixture" name="Active Directory Domain Services (AD DS) Promotion.Health and Status Checks" executed="True" result="Failure" success="False" time="9.6004" asserts="0" description="Active Directory Domain Services (AD DS) Promotion.Health and Status Checks">
                <results>
                  <test-case description="Event logs show successful promotion" name="Active Directory Domain Services (AD DS) Promotion.Health and Status Checks.Event logs show successful promotion" time="0.5012" asserts="0" success="True" result="Success" executed="True" />
                  <test-case description="No recent critical errors in AD logs" name="Active Directory Domain Services (AD DS) Promotion.Health and Status Checks.No recent critical errors in AD logs" time="0.0362" asserts="0" success="True" result="Success" executed="True" />
                  <test-case description="Domain controller can authenticate itself" name="Active Directory Domain Services (AD DS) Promotion.Health and Status Checks.Domain controller can authenticate itself" time="0.1372" asserts="0" success="False" result="Failure" executed="True">
                    <failure>
                      <message>Expected $true, because Domain controller cannot authenticate with domain and AD queries are also failing.
Secure channel error: Unable to find a default server with Active Directory Web Services running.
This indicates a serious domain configuration issue., but got $false.</message>
                      <stack-trace>at $false | Should -BeTrue -Because @", C:\Users\Administrator\Desktop\repo\COM5411-BarmBuzz\Tests\Pester\ADDS_Promotion.Tests.ps1:556
at &lt;ScriptBlock&gt;, C:\Users\Administrator\Desktop\repo\COM5411-BarmBuzz\Tests\Pester\ADDS_Promotion.Tests.ps1:559</stack-trace>
                    </failure>
                  </test-case>
                </results>
              </test-suite>
            </results>
          </test-suite>
        </results>
      </test-suite>
      <test-suite type="TestFixture" name="C:\Users\Administrator\Desktop\repo\COM5411-BarmBuzz\Tests\Pester\Baseline.Tests.ps1" executed="True" result="Success" success="True" time="0.3009" asserts="0" description="C:\Users\Administrator\Desktop\repo\COM5411-BarmBuzz\Tests\Pester\Baseline.Tests.ps1">
        <results>
          <test-suite type="TestFixture" name="Server Baseline Validation" executed="True" result="Success" success="True" time="0.2038" asserts="0" description="Server Baseline Validation">
            <results>
              <test-case description="Hostname matches declared intent in AllNodes" name="Server Baseline Validation.Hostname matches declared intent in AllNodes" time="0.0266" asserts="0" success="True" result="Success" executed="True" />
              <test-case description="Timezone matches declared intent in AllNodes" name="Server Baseline Validation.Timezone matches declared intent in AllNodes" time="0.1169" asserts="0" success="True" result="Success" executed="True" />
              <test-case description="Windows Time service is running" name="Server Baseline Validation.Windows Time service is running" time="0.0289" asserts="0" success="True" result="Success" executed="True" />
            </results>
          </test-suite>
        </results>
      </test-suite>
      <test-suite type="TestFixture" name="C:\Users\Administrator\Desktop\repo\COM5411-BarmBuzz\Tests\Pester\Hello.Tests.ps1" executed="True" result="Success" success="True" time="0.1403" asserts="0" description="C:\Users\Administrator\Desktop\repo\COM5411-BarmBuzz\Tests\Pester\Hello.Tests.ps1">
        <results>
          <test-suite type="TestFixture" name="Hello World Test" executed="True" result="Success" success="True" time="0.0516" asserts="0" description="Hello World Test">
            <results>
              <test-case description="2 + 2 should equal 4" name="Hello World Test.2 + 2 should equal 4" time="0.0267" asserts="0" success="True" result="Success" executed="True" />
            </results>
          </test-suite>
        </results>
      </test-suite>
      <test-suite type="TestFixture" name="C:\Users\Administrator\Desktop\repo\COM5411-BarmBuzz\Tests\Pester\PreDCPromo.Tests.ps1" executed="True" result="Success" success="True" time="1.2224" asserts="0" description="C:\Users\Administrator\Desktop\repo\COM5411-BarmBuzz\Tests\Pester\PreDCPromo.Tests.ps1">
        <results>
          <test-suite type="TestFixture" name="Pre-DC Readiness (Dual NIC) - localhost" executed="True" result="Success" success="True" time="1.0987" asserts="0" description="Pre-DC Readiness (Dual NIC) - localhost">
            <results>
              <test-case description="Internal and NAT adapters exist" name="Pre-DC Readiness (Dual NIC) - localhost.Internal and NAT adapters exist" time="0.0282" asserts="0" success="True" result="Success" executed="True" />
              <test-case description="Internal NIC has static IPv4 (Manual prefix origin)" name="Pre-DC Readiness (Dual NIC) - localhost.Internal NIC has static IPv4 (Manual prefix origin)" time="0.024" asserts="0" success="True" result="Success" executed="True" />
              <test-case description="Internal NIC IPv4 address matches AllNodes" name="Pre-DC Readiness (Dual NIC) - localhost.Internal NIC IPv4 address matches AllNodes" time="0.0225" asserts="0" success="True" result="Success" executed="True" />
              <test-case description="Internal NIC prefix length matches AllNodes" name="Pre-DC Readiness (Dual NIC) - localhost.Internal NIC prefix length matches AllNodes" time="0.0259" asserts="0" success="True" result="Success" executed="True" />
              <test-case description="Internal NIC has NO default gateway (single-gateway rule)" name="Pre-DC Readiness (Dual NIC) - localhost.Internal NIC has NO default gateway (single-gateway rule)" time="0.0249" asserts="0" success="True" result="Success" executed="True" />
              <test-case description="NAT NIC has a default gateway" name="Pre-DC Readiness (Dual NIC) - localhost.NAT NIC has a default gateway" time="0.0228" asserts="0" success="True" result="Success" executed="True" />
              <test-case description="Internal NIC DNS servers match AllNodes (order-insensitive)" name="Pre-DC Readiness (Dual NIC) - localhost.Internal NIC DNS servers match AllNodes (order-insensitive)" time="0.0238" asserts="0" success="True" result="Success" executed="True" />
              <test-case description="NAT NIC does not register in DNS when DisableDnsRegistrationOnNat is true" name="Pre-DC Readiness (Dual NIC) - localhost.NAT NIC does not register in DNS when DisableDnsRegistrationOnNat is true" time="0.0203" asserts="0" success="True" result="Success" executed="True" />
              <test-case description="Internal NIC registers in DNS" name="Pre-DC Readiness (Dual NIC) - localhost.Internal NIC registers in DNS" time="0.0205" asserts="0" success="True" result="Success" executed="True" />
              <test-case description="NAT NIC is DHCP (when Expect_NAT_Dhcp is true)" name="Pre-DC Readiness (Dual NIC) - localhost.NAT NIC is DHCP (when Expect_NAT_Dhcp is true)" time="0.0292" asserts="0" success="True" result="Success" executed="True" />
              <test-case description="AD-Domain-Services is installed when requested" name="Pre-DC Readiness (Dual NIC) - localhost.AD-Domain-Services is installed when requested" time="0.0216" asserts="0" success="True" result="Success" executed="True" />
              <test-case description="RSAT-ADDS is installed when requested" name="Pre-DC Readiness (Dual NIC) - localhost.RSAT-ADDS is installed when requested" time="0.0228" asserts="0" success="True" result="Success" executed="True" />
            </results>
          </test-suite>
        </results>
      </test-suite>
      <test-suite type="TestFixture" name="C:\Users\Administrator\Desktop\repo\COM5411-BarmBuzz\Tests\Pester\Preflight-Environment.Tests.ps1" executed="True" result="Failure" success="False" time="4.2193" asserts="0" description="C:\Users\Administrator\Desktop\repo\COM5411-BarmBuzz\Tests\Pester\Preflight-Environment.Tests.ps1">
        <results>
          <test-suite type="TestFixture" name="COM5411 IaC Environment Preflight (Dual-Shell)" executed="True" result="Failure" success="False" time="3.9539" asserts="0" description="COM5411 IaC Environment Preflight (Dual-Shell)">
            <results>
              <test-suite type="TestFixture" name="COM5411 IaC Environment Preflight (Dual-Shell).Entry requirements" executed="True" result="Success" success="True" time="0.0778" asserts="0" description="COM5411 IaC Environment Preflight (Dual-Shell).Entry requirements">
                <results>
                  <test-case description="Must be run from PowerShell 7 (pwsh) (this is the orchestration shell)" name="COM5411 IaC Environment Preflight (Dual-Shell).Entry requirements.Must be run from PowerShell 7 (pwsh) (this is the orchestration shell)" time="0.0266" asserts="0" success="True" result="Success" executed="True" />
                  <test-case description="Should be run as Administrator (recommended for meaningful preflight)" name="COM5411 IaC Environment Preflight (Dual-Shell).Entry requirements.Should be run as Administrator (recommended for meaningful preflight)" time="0.025" asserts="0" success="True" result="Success" executed="True" />
                  <test-case description="Repo root contains Run_BuildMain.ps1 (orchestrator)" name="COM5411 IaC Environment Preflight (Dual-Shell).Entry requirements.Repo root contains Run_BuildMain.ps1 (orchestrator)" time="0.0227" asserts="0" success="True" result="Success" executed="True" />
                </results>
              </test-suite>
              <test-suite type="TestFixture" name="COM5411 IaC Environment Preflight (Dual-Shell).Diagnostics (support visibility)" executed="True" result="Success" success="True" time="0.3738" asserts="0" description="COM5411 IaC Environment Preflight (Dual-Shell).Diagnostics (support visibility)">
                <results>
                  <test-case description="PSModulePath is set in PowerShell 7 (current process)" name="COM5411 IaC Environment Preflight (Dual-Shell).Diagnostics (support visibility).PSModulePath is set in PowerShell 7 (current process)" time="0.0228" asserts="0" success="True" result="Success" executed="True" />
                  <test-case description="PSModulePath is set in Windows PowerShell 5.1" name="COM5411 IaC Environment Preflight (Dual-Shell).Diagnostics (support visibility).PSModulePath is set in Windows PowerShell 5.1" time="0.2703" asserts="0" success="True" result="Success" executed="True" />
                </results>
              </test-suite>
              <test-suite type="TestFixture" name="COM5411 IaC Environment Preflight (Dual-Shell).Toolchain (PowerShell 7)" executed="True" result="Success" success="True" time="0.4413" asserts="0" description="COM5411 IaC Environment Preflight (Dual-Shell).Toolchain (PowerShell 7)">
                <results>
                  <test-case description="DSC v3 CLI exists on PATH (dsc.exe)" name="COM5411 IaC Environment Preflight (Dual-Shell).Toolchain (PowerShell 7).DSC v3 CLI exists on PATH (dsc.exe)" time="0.0265" asserts="0" success="True" result="Success" executed="True" />
                  <test-case description="PSResourceGet is available (Microsoft.PowerShell.PSResourceGet)" name="COM5411 IaC Environment Preflight (Dual-Shell).Toolchain (PowerShell 7).PSResourceGet is available (Microsoft.PowerShell.PSResourceGet)" time="0.0387" asserts="0" success="True" result="Success" executed="True" />
                </results>
              </test-suite>
              <test-suite type="TestFixture" name="COM5411 IaC Environment Preflight (Dual-Shell).DSC resource modules (pinned + placed for adapter visibility)" executed="True" result="Failure" success="False" time="3.005" asserts="0" description="COM5411 IaC Environment Preflight (Dual-Shell).DSC resource modules (pinned + placed for adapter visibility)">
                <results>
                  <test-case description="Canonical module root exists (C:\Program Files\WindowsPowerShell\Modules)" name="COM5411 IaC Environment Preflight (Dual-Shell).DSC resource modules (pinned + placed for adapter visibility).Canonical module root exists (C:\Program Files\WindowsPowerShell\Modules)" time="0.0283" asserts="0" success="True" result="Success" executed="True" />
                  <test-suite type="ParameterizedTest" name="COM5411 IaC Environment Preflight (Dual-Shell).DSC resource modules (pinned + placed for adapter visibility).PowerShell 7: &lt;name&gt; is installed and pinned to &lt;ver&gt;" executed="True" result="Success" success="True" time="0.1798" asserts="0" description="PowerShell 7: &lt;name&gt; is installed and pinned to &lt;ver&gt;">
                    <results>
                      <test-case description="PowerShell 7: GroupPolicyDsc is installed and pinned to 1.0.3" name="COM5411 IaC Environment Preflight (Dual-Shell).DSC resource modules (pinned + placed for adapter visibility).PowerShell 7: GroupPolicyDsc is installed and pinned to 1.0.3" time="0.0754" asserts="0" success="True" result="Success" executed="True" />
                      <test-case description="PowerShell 7: ActiveDirectoryDsc is installed and pinned to 6.6.0" name="COM5411 IaC Environment Preflight (Dual-Shell).DSC resource modules (pinned + placed for adapter visibility).PowerShell 7: ActiveDirectoryDsc is installed and pinned to 6.6.0" time="0.0822" asserts="0" success="True" result="Success" executed="True" />
                      <test-case description="PowerShell 7: Pester is installed and pinned to 5.7.1" name="COM5411 IaC Environment Preflight (Dual-Shell).DSC resource modules (pinned + placed for adapter visibility).PowerShell 7: Pester is installed and pinned to 5.7.1" time="0.0222" asserts="0" success="True" result="Success" executed="True" />
                    </results>
                  </test-suite>
                  <test-suite type="ParameterizedTest" name="COM5411 IaC Environment Preflight (Dual-Shell).DSC resource modules (pinned + placed for adapter visibility).Windows PowerShell 5.1: &lt;name&gt; is installed, pinned to &lt;ver&gt;, and stored under WindowsPowerShell\Modules" executed="True" result="Failure" success="False" time="1.9309" asserts="0" description="Windows PowerShell 5.1: &lt;name&gt; is installed, pinned to &lt;ver&gt;, and stored under WindowsPowerShell\Modules">
                    <results>
                      <test-case description="Windows PowerShell 5.1: GroupPolicyDsc is installed, pinned to 1.0.3, and stored under WindowsPowerShell\Modules" name="COM5411 IaC Environment Preflight (Dual-Shell).DSC resource modules (pinned + placed for adapter visibility).Windows PowerShell 5.1: GroupPolicyDsc is installed, pinned to 1.0.3, and stored under WindowsPowerShell\Modules" time="0.8184" asserts="0" success="True" result="Success" executed="True" />
                      <test-case description="Windows PowerShell 5.1: ActiveDirectoryDsc is installed, pinned to 6.6.0, and stored under WindowsPowerShell\Modules" name="COM5411 IaC Environment Preflight (Dual-Shell).DSC resource modules (pinned + placed for adapter visibility).Windows PowerShell 5.1: ActiveDirectoryDsc is installed, pinned to 6.6.0, and stored under WindowsPowerShell\Modules" time="0.2964" asserts="0" success="False" result="Failure" executed="True">
                        <failure>
                          <message>RuntimeException: Module missing in Windows PowerShell 5.1: ActiveDirectoryDsc
NEXT STEP (do this first, then re-run Preflight):
  1) Open PowerShell 7 as Administrator
  2) From the REPO ROOT run:
       .\Run_BuildMain.ps1
  3) Then re-run:
       Invoke-Pester -Path .\Tests\Pester\Preflight-Environment.Tests.ps1 -Output Detailed
DETAILS:
Run_BuildMain.ps1 should install/pin modules into C:\Program Files\WindowsPowerShell\Modules.</message>
                          <stack-trace>at Fail-WithRunBuildMain, C:\Users\Administrator\Desktop\repo\COM5411-BarmBuzz\Tests\Pester\Preflight-Environment.Tests.ps1:194
at &lt;ScriptBlock&gt;, C:\Users\Administrator\Desktop\repo\COM5411-BarmBuzz\Tests\Pester\Preflight-Environment.Tests.ps1:312</stack-trace>
                        </failure>
                      </test-case>
                      <test-case description="Windows PowerShell 5.1: Pester is installed, pinned to 5.7.1, and stored under WindowsPowerShell\Modules" name="COM5411 IaC Environment Preflight (Dual-Shell).DSC resource modules (pinned + placed for adapter visibility).Windows PowerShell 5.1: Pester is installed, pinned to 5.7.1, and stored under WindowsPowerShell\Modules" time="0.8161" asserts="0" success="True" result="Success" executed="True" />
                    </results>
                  </test-suite>
                  <test-suite type="ParameterizedTest" name="COM5411 IaC Environment Preflight (Dual-Shell).DSC resource modules (pinned + placed for adapter visibility).PowerShell 7: &lt;name&gt; is installed and pinned to &lt;ver&gt; (PS7-only)" executed="True" result="Success" success="True" time="0.0526" asserts="0" description="PowerShell 7: &lt;name&gt; is installed and pinned to &lt;ver&gt; (PS7-only)">
                    <results>
                      <test-case description="PowerShell 7: PSDesiredStateConfiguration is installed and pinned to 2.0.7 (PS7-only)" name="COM5411 IaC Environment Preflight (Dual-Shell).DSC resource modules (pinned + placed for adapter visibility).PowerShell 7: PSDesiredStateConfiguration is installed and pinned to 2.0.7 (PS7-only)" time="0.0526" asserts="0" success="True" result="Success" executed="True" />
                    </results>
                  </test-suite>
                  <test-suite type="ParameterizedTest" name="COM5411 IaC Environment Preflight (Dual-Shell).DSC resource modules (pinned + placed for adapter visibility).PowerShell 7: &lt;name&gt; is installed" executed="True" result="Success" success="True" time="0.0489" asserts="0" description="PowerShell 7: &lt;name&gt; is installed">
                    <results>
                      <test-case description="PowerShell 7: ComputerManagementDsc is installed" name="COM5411 IaC Environment Preflight (Dual-Shell).DSC resource modules (pinned + placed for adapter visibility).PowerShell 7: ComputerManagementDsc is installed" time="0.0489" asserts="0" success="True" result="Success" executed="True" />
                    </results>
                  </test-suite>
                  <test-suite type="ParameterizedTest" name="COM5411 IaC Environment Preflight (Dual-Shell).DSC resource modules (pinned + placed for adapter visibility).Windows PowerShell 5.1: &lt;name&gt; is installed under WindowsPowerShell\Modules" executed="True" result="Success" success="True" time="0.3193" asserts="0" description="Windows PowerShell 5.1: &lt;name&gt; is installed under WindowsPowerShell\Modules">
                    <results>
                      <test-case description="Windows PowerShell 5.1: ComputerManagementDsc is installed under WindowsPowerShell\Modules" name="COM5411 IaC Environment Preflight (Dual-Shell).DSC resource modules (pinned + placed for adapter visibility).Windows PowerShell 5.1: ComputerManagementDsc is installed under WindowsPowerShell\Modules" time="0.3193" asserts="0" success="True" result="Success" executed="True" />
                    </results>
                  </test-suite>
                </results>
              </test-suite>
              <test-suite type="TestFixture" name="COM5411 IaC Environment Preflight (Dual-Shell).RSAT / admin tooling (AD + GPO management)" executed="True" result="Ignored" success="True" time="3.7284" asserts="0" description="COM5411 IaC Environment Preflight (Dual-Shell).RSAT / admin tooling (AD + GPO management)">
                <results>
                  <test-case description="Windows PowerShell 5.1: ActiveDirectory module is available" name="COM5411 IaC Environment Preflight (Dual-Shell).RSAT / admin tooling (AD + GPO management).Windows PowerShell 5.1: ActiveDirectory module is available" time="0.3186" asserts="0" success="True" result="Success" executed="True" />
                  <test-case description="Windows PowerShell 5.1: GroupPolicy module is available" name="COM5411 IaC Environment Preflight (Dual-Shell).RSAT / admin tooling (AD + GPO management).Windows PowerShell 5.1: GroupPolicy module is available" time="0.3218" asserts="0" success="True" result="Success" executed="True" />
                  <test-case description="PowerShell 7: ActiveDirectory module discoverable (informational)" name="COM5411 IaC Environment Preflight (Dual-Shell).RSAT / admin tooling (AD + GPO management).PowerShell 7: ActiveDirectory module discoverable (informational)" time="0.0355" asserts="0" success="True" result="Success" executed="True" />
                  <test-case description="PowerShell 7: GroupPolicy module discoverable (informational)" name="COM5411 IaC Environment Preflight (Dual-Shell).RSAT / admin tooling (AD + GPO management).PowerShell 7: GroupPolicy module discoverable (informational)" time="0.0449" asserts="0" success="False" result="Ignored" executed="False" />
                </results>
              </test-suite>
              <test-suite type="TestFixture" name="COM5411 IaC Environment Preflight (Dual-Shell).WinRM / WS-Man local connectivity (common lab failure)" executed="True" result="Success" success="True" time="3.8433" asserts="0" description="COM5411 IaC Environment Preflight (Dual-Shell).WinRM / WS-Man local connectivity (common lab failure)">
                <results>
                  <test-case description="WinRM service exists" name="COM5411 IaC Environment Preflight (Dual-Shell).WinRM / WS-Man local connectivity (common lab failure).WinRM service exists" time="0.0266" asserts="0" success="True" result="Success" executed="True" />
                  <test-case description="WinRM should be Running (if not: run Run_BuildMain.ps1 which calls OneShot Network)" name="COM5411 IaC Environment Preflight (Dual-Shell).WinRM / WS-Man local connectivity (common lab failure).WinRM should be Running (if not: run Run_BuildMain.ps1 which calls OneShot Network)" time="0.0282" asserts="0" success="True" result="Success" executed="True" />
                  <test-case description="WS-Man should respond locally (Test-WSMan localhost)" name="COM5411 IaC Environment Preflight (Dual-Shell).WinRM / WS-Man local connectivity (common lab failure).WS-Man should respond locally (Test-WSMan localhost)" time="0.0538" asserts="0" success="True" result="Success" executed="True" />
                </results>
              </test-suite>
              <test-suite type="TestFixture" name="COM5411 IaC Environment Preflight (Dual-Shell).Developer tooling" executed="True" result="Ignored" success="True" time="3.9216" asserts="0" description="COM5411 IaC Environment Preflight (Dual-Shell).Developer tooling">
                <results>
                  <test-case description="Git is installed (git.exe on PATH)" name="COM5411 IaC Environment Preflight (Dual-Shell).Developer tooling.Git is installed (git.exe on PATH)" time="0.0266" asserts="0" success="True" result="Success" executed="True" />
                  <test-case description="VS Code installed (code.exe on PATH) [optional]" name="COM5411 IaC Environment Preflight (Dual-Shell).Developer tooling.VS Code installed (code.exe on PATH) [optional]" time="0.0492" asserts="0" success="False" result="Ignored" executed="False" />
                </results>
              </test-suite>
            </results>
          </test-suite>
        </results>
      </test-suite>
      <test-suite type="TestFixture" name="C:\Users\Administrator\Desktop\repo\COM5411-BarmBuzz\Tests\Pester\Template.Tests.ps1" executed="True" result="Success" success="True" time="0.6758" asserts="0" description="C:\Users\Administrator\Desktop\repo\COM5411-BarmBuzz\Tests\Pester\Template.Tests.ps1">
        <results>
          <test-suite type="TestFixture" name="My Feature Tests" executed="True" result="Success" success="True" time="0.0985" asserts="0" description="My Feature Tests">
            <results>
              <test-case description="Example test: PowerShell version is 7+" name="My Feature Tests.Example test: PowerShell version is 7+" time="0.0263" asserts="0" success="True" result="Success" executed="True" />
              <test-case description="Example test: Repo root exists" name="My Feature Tests.Example test: Repo root exists" time="0.0234" asserts="0" success="True" result="Success" executed="True" />
              <test-case description="Example test: Can load AllNodes.psd1" name="My Feature Tests.Example test: Can load AllNodes.psd1" time="0.0269" asserts="0" success="True" result="Success" executed="True" />
            </results>
          </test-suite>
          <test-suite type="TestFixture" name="Dynamic Test Example" executed="True" result="Success" success="True" time="0.2154" asserts="0" description="Dynamic Test Example">
            <results>
              <test-suite type="ParameterizedTest" name="Dynamic Test Example.Module '&lt;_&gt;' should be installed" executed="True" result="Success" success="True" time="0.0942" asserts="0" description="Module '&lt;_&gt;' should be installed">
                <results>
                  <test-case description="Module 'Pester' should be installed" name="Dynamic Test Example.Module 'Pester' should be installed" time="0.0592" asserts="0" success="True" result="Success" executed="True" />
                  <test-case description="Module 'ActiveDirectoryDsc' should be installed" name="Dynamic Test Example.Module 'ActiveDirectoryDsc' should be installed" time="0.0136" asserts="0" success="True" result="Success" executed="True" />
                  <test-case description="Module 'ComputerManagementDsc' should be installed" name="Dynamic Test Example.Module 'ComputerManagementDsc' should be installed" time="0.0214" asserts="0" success="True" result="Success" executed="True" />
                </results>
              </test-suite>
            </results>
          </test-suite>
          <test-suite type="TestFixture" name="Common Testing Patterns" executed="True" result="Success" success="True" time="0.4505" asserts="0" description="Common Testing Patterns">
            <results>
              <test-suite type="TestFixture" name="Common Testing Patterns.File and Directory Tests" executed="True" result="Success" success="True" time="0.057" asserts="0" description="Common Testing Patterns.File and Directory Tests">
                <results>
                  <test-case description="Tests a file exists" name="Common Testing Patterns.File and Directory Tests.Tests a file exists" time="0.0297" asserts="0" success="True" result="Success" executed="True" />
                  <test-case description="Tests a directory exists" name="Common Testing Patterns.File and Directory Tests.Tests a directory exists" time="0.0249" asserts="0" success="True" result="Success" executed="True" />
                </results>
              </test-suite>
              <test-suite type="TestFixture" name="Common Testing Patterns.Service and Process Tests" executed="True" result="Success" success="True" time="0.0838" asserts="0" description="Common Testing Patterns.Service and Process Tests">
                <results>
                  <test-case description="Tests a Windows service status" name="Common Testing Patterns.Service and Process Tests.Tests a Windows service status" time="0.0244" asserts="0" success="True" result="Success" executed="True" />
                </results>
              </test-suite>
              <test-suite type="TestFixture" name="Common Testing Patterns.Network Tests" executed="True" result="Success" success="True" time="0.1363" asserts="0" description="Common Testing Patterns.Network Tests">
                <results>
                  <test-case description="Tests network adapter exists" name="Common Testing Patterns.Network Tests.Tests network adapter exists" time="0.0424" asserts="0" success="True" result="Success" executed="True" />
                </results>
              </test-suite>
              <test-suite type="TestFixture" name="Common Testing Patterns.String and Value Tests" executed="True" result="Success" success="True" time="0.2144" asserts="0" description="Common Testing Patterns.String and Value Tests">
                <results>
                  <test-case description="Tests exact string match" name="Common Testing Patterns.String and Value Tests.Tests exact string match" time="0.0242" asserts="0" success="True" result="Success" executed="True" />
                  <test-case description="Tests string contains pattern" name="Common Testing Patterns.String and Value Tests.Tests string contains pattern" time="0.0246" asserts="0" success="True" result="Success" executed="True" />
                  <test-case description="Tests numeric comparison" name="Common Testing Patterns.String and Value Tests.Tests numeric comparison" time="0.0264" asserts="0" success="True" result="Success" executed="True" />
                </results>
              </test-suite>
            </results>
          </test-suite>
        </results>
      </test-suite>
      <test-suite type="TestFixture" name="C:\Users\Administrator\Desktop\repo\COM5411-BarmBuzz\Tests\Pester\Test-ProofOfLife.Tests.ps1" executed="True" result="Success" success="True" time="0.1928" asserts="0" description="C:\Users\Administrator\Desktop\repo\COM5411-BarmBuzz\Tests\Pester\Test-ProofOfLife.Tests.ps1">
        <results>
          <test-suite type="TestFixture" name="Proof-of-Life (DSC created files)" executed="True" result="Success" success="True" time="0.1044" asserts="0" description="Proof-of-Life (DSC created files)">
            <results>
              <test-case description="C:\\TEST directory exists" name="Proof-of-Life (DSC created files).C:\\TEST directory exists" time="0.0241" asserts="0" success="True" result="Success" executed="True" />
              <test-case description="C:\\TEST\\test.txt exists" name="Proof-of-Life (DSC created files).C:\\TEST\\test.txt exists" time="0.022" asserts="0" success="True" result="Success" executed="True" />
              <test-case description="test.txt has expected contents" name="Proof-of-Life (DSC created files).test.txt has expected contents" time="0.0299" asserts="0" success="True" result="Success" executed="True" />
            </results>
          </test-suite>
        </results>
      </test-suite>
    </results>
  </test-suite>
</test-results>